0 info it worked if it ends with ok
1 verbose cli [ '/usr/bin/nodejs', '/usr/bin/npm', 'publish' ]
2 info using npm@2.14.12
3 info using node@v4.3.1
4 verbose publish [ '.' ]
5 silly cache add args [ '.', null ]
6 verbose cache add spec .
7 silly cache add parsed spec Result {
7 silly cache add   raw: '.',
7 silly cache add   scope: null,
7 silly cache add   name: null,
7 silly cache add   rawSpec: '.',
7 silly cache add   spec: '/media/alloys/Files/pps/simplelog',
7 silly cache add   type: 'directory' }
8 verbose addLocalDirectory /home/alloys/.npm/simplelog/0.0.0/package.tgz not in flight; packing
9 verbose tar pack [ '/home/alloys/.npm/simplelog/0.0.0/package.tgz',
9 verbose tar pack   '/media/alloys/Files/pps/simplelog' ]
10 verbose tarball /home/alloys/.npm/simplelog/0.0.0/package.tgz
11 verbose folder /media/alloys/Files/pps/simplelog
12 info prepublish simplelog@0.0.0
13 verbose addLocalTarball adding from inside cache /home/alloys/.npm/simplelog/0.0.0/package.tgz
14 silly cache afterAdd simplelog@0.0.0
15 verbose afterAdd /home/alloys/.npm/simplelog/0.0.0/package/package.json not in flight; writing
16 verbose afterAdd /home/alloys/.npm/simplelog/0.0.0/package/package.json written
17 silly publish { name: 'simplelog',
17 silly publish   version: '0.0.0',
17 silly publish   description: 'simple logging for node.js',
17 silly publish   main: 'lib/index.js',
17 silly publish   directories: { test: 'test' },
17 silly publish   scripts: { test: 'echo "Error: no test specified" && exit 1' },
17 silly publish   repository:
17 silly publish    { type: 'git',
17 silly publish      url: 'git+https://github.com/mofax/simplelog.git' },
17 silly publish   keywords: [],
17 silly publish   author: { name: 'Alloys Mila' },
17 silly publish   license: 'MIT',
17 silly publish   bugs: { url: 'https://github.com/mofax/simplelog/issues' },
17 silly publish   homepage: 'https://github.com/mofax/simplelog#readme',
17 silly publish   readme: '# Simplelog\n\nSimplelog is a simple logger for node.js\n',
17 silly publish   readmeFilename: 'README.md',
17 silly publish   gitHead: 'b7ffbf27369f7f5f858d6d585bf78865f4c12b07',
17 silly publish   _id: 'simplelog@0.0.0',
17 silly publish   _shasum: 'af6265e30c6e6714b086feb802b3cbc372ed50b9',
17 silly publish   _from: '.' }
18 verbose getPublishConfig undefined
19 silly mapToRegistry name simplelog
20 silly mapToRegistry using default registry
21 silly mapToRegistry registry https://registry.npmjs.org/
22 silly mapToRegistry uri https://registry.npmjs.org/simplelog
23 verbose publish registryBase https://registry.npmjs.org/
24 silly publish uploading /home/alloys/.npm/simplelog/0.0.0/package.tgz
25 verbose request uri https://registry.npmjs.org/simplelog
26 verbose request sending authorization for write operation
27 info attempt registry request try #1 at 12:37:43 PM
28 verbose request using bearer token for auth
29 verbose request id 10261043fc51453b
30 http request PUT https://registry.npmjs.org/simplelog
31 http 403 https://registry.npmjs.org/simplelog
32 verbose headers { 'content-type': 'application/json',
32 verbose headers   'cache-control': 'max-age=300',
32 verbose headers   'content-length': '101',
32 verbose headers   'accept-ranges': 'bytes',
32 verbose headers   date: 'Sat, 27 Feb 2016 09:37:28 GMT',
32 verbose headers   via: '1.1 varnish',
32 verbose headers   connection: 'keep-alive',
32 verbose headers   'x-served-by': 'cache-lhr6326-LHR',
32 verbose headers   'x-cache': 'MISS',
32 verbose headers   'x-cache-hits': '0',
32 verbose headers   'x-timer': 'S1456565847.504025,VS0,VE650' }
33 verbose request invalidating /home/alloys/.npm/registry.npmjs.org/simplelog on PUT
34 error publish Failed PUT 403
35 verbose stack Error: You do not have permission to publish 'simplelog'. Are you logged in as the correct user? : simplelog
35 verbose stack     at makeError (/usr/lib/node_modules/npm/node_modules/npm-registry-client/lib/request.js:264:12)
35 verbose stack     at CachingRegistryClient.<anonymous> (/usr/lib/node_modules/npm/node_modules/npm-registry-client/lib/request.js:252:14)
35 verbose stack     at Request._callback (/usr/lib/node_modules/npm/node_modules/npm-registry-client/lib/request.js:172:14)
35 verbose stack     at Request.self.callback (/usr/lib/node_modules/npm/node_modules/request/request.js:198:22)
35 verbose stack     at emitTwo (events.js:87:13)
35 verbose stack     at Request.emit (events.js:172:7)
35 verbose stack     at Request.<anonymous> (/usr/lib/node_modules/npm/node_modules/request/request.js:1082:10)
35 verbose stack     at emitOne (events.js:82:20)
35 verbose stack     at Request.emit (events.js:169:7)
35 verbose stack     at IncomingMessage.<anonymous> (/usr/lib/node_modules/npm/node_modules/request/request.js:1009:12)
36 verbose statusCode 403
37 verbose pkgid simplelog
38 verbose cwd /media/alloys/Files/pps/simplelog
39 error Linux 4.2.0-16-generic
40 error argv "/usr/bin/nodejs" "/usr/bin/npm" "publish"
41 error node v4.3.1
42 error npm  v2.14.12
43 error code E403
44 error You do not have permission to publish 'simplelog'. Are you logged in as the correct user? : simplelog
45 error If you need help, you may report this error at:
45 error     <https://github.com/npm/npm/issues>
46 verbose exit [ 1, true ]
